<?xml version="1.0" encoding="UTF-8"?>
<!-- Generated by org.testng.reporters.JUnitReportReporter -->
<testsuite hostname="DESKTOP-MT0GH5E" failures="0" tests="3" name="testClasses.FunctionalTest" time="23.589" errors="0" timestamp="2023-06-15T08:22:57 IST" skipped="0">
  <testcase classname="testClasses.FunctionalTest" name="searchBox" time="7.095"/>
  <system-out/>
  <testcase classname="testClasses.FunctionalTest" name="sortByPriceLToH" time="9.004"/>
  <system-out/>
  <testcase classname="testClasses.FunctionalTest" name="sortByPriceHToL" time="7.490"/>
  <system-out/>
</testsuite> <!-- testClasses.FunctionalTest -->
