<?xml version="1.0" encoding="UTF-8"?>
<!-- Generated by org.testng.reporters.JUnitReportReporter -->
<testsuite hostname="DESKTOP-MT0GH5E" failures="0" tests="3" name="testClasses.FunctionalTest" time="17.830" errors="0" timestamp="2023-06-15T08:58:29 IST" skipped="0">
  <testcase classname="testClasses.FunctionalTest" name="searchBox" time="4.904"/>
  <system-out/>
  <testcase classname="testClasses.FunctionalTest" name="sortByPriceLToH" time="5.982"/>
  <system-out/>
  <testcase classname="testClasses.FunctionalTest" name="sortByPriceHToL" time="6.944"/>
  <system-out/>
</testsuite> <!-- testClasses.FunctionalTest -->
